<?xml version="1.0" encoding="UTF-8"?>
<testsuite name="com.jojoIdu.book.springboot.web.HelloControllerTest" tests="1" skipped="0" failures="0" errors="0" timestamp="2020-05-20T00:29:37" hostname="DESKTOP-NFV5ODN" time="0.097">
  <properties/>
  <testcase name="hello가_리턴된다" classname="com.jojoIdu.book.springboot.web.HelloControllerTest" time="0.097"/>
  <system-out><![CDATA[09:29:36.860 [Test worker] DEBUG org.springframework.test.context.junit4.SpringJUnit4ClassRunner - SpringJUnit4ClassRunner constructor called with [class com.jojoIdu.book.springboot.web.HelloControllerTest]
09:29:36.865 [Test worker] DEBUG org.springframework.test.context.BootstrapUtils - Instantiating CacheAwareContextLoaderDelegate from class [org.springframework.test.context.cache.DefaultCacheAwareContextLoaderDelegate]
09:29:36.869 [Test worker] DEBUG org.springframework.test.context.BootstrapUtils - Instantiating BootstrapContext using constructor [public org.springframework.test.context.support.DefaultBootstrapContext(java.lang.Class,org.springframework.test.context.CacheAwareContextLoaderDelegate)]
09:29:36.880 [Test worker] DEBUG org.springframework.test.context.BootstrapUtils - Instantiating TestContextBootstrapper for test class [com.jojoIdu.book.springboot.web.HelloControllerTest] from class [org.springframework.boot.test.autoconfigure.web.servlet.WebMvcTestContextBootstrapper]
09:29:36.891 [Test worker] INFO org.springframework.boot.test.autoconfigure.web.servlet.WebMvcTestContextBootstrapper - Neither @ContextConfiguration nor @ContextHierarchy found for test class [com.jojoIdu.book.springboot.web.HelloControllerTest], using SpringBootContextLoader
09:29:36.893 [Test worker] DEBUG org.springframework.test.context.support.AbstractContextLoader - Did not detect default resource location for test class [com.jojoIdu.book.springboot.web.HelloControllerTest]: class path resource [com/jojoIdu/book/springboot/web/HelloControllerTest-context.xml] does not exist
09:29:36.893 [Test worker] DEBUG org.springframework.test.context.support.AbstractContextLoader - Did not detect default resource location for test class [com.jojoIdu.book.springboot.web.HelloControllerTest]: class path resource [com/jojoIdu/book/springboot/web/HelloControllerTestContext.groovy] does not exist
09:29:36.893 [Test worker] INFO org.springframework.test.context.support.AbstractContextLoader - Could not detect default resource locations for test class [com.jojoIdu.book.springboot.web.HelloControllerTest]: no resource found for suffixes {-context.xml, Context.groovy}.
09:29:36.894 [Test worker] INFO org.springframework.test.context.support.AnnotationConfigContextLoaderUtils - Could not detect default configuration classes for test class [com.jojoIdu.book.springboot.web.HelloControllerTest]: HelloControllerTest does not declare any static, non-private, non-final, nested classes annotated with @Configuration.
09:29:36.930 [Test worker] DEBUG org.springframework.test.context.support.ActiveProfilesUtils - Could not find an 'annotation declaring class' for annotation type [org.springframework.test.context.ActiveProfiles] and class [com.jojoIdu.book.springboot.web.HelloControllerTest]
09:29:36.935 [Test worker] DEBUG org.springframework.core.env.StandardEnvironment - Adding PropertySource 'systemProperties' with lowest search precedence
09:29:36.935 [Test worker] DEBUG org.springframework.core.env.StandardEnvironment - Adding PropertySource 'systemEnvironment' with lowest search precedence
09:29:36.936 [Test worker] DEBUG org.springframework.core.env.StandardEnvironment - Initialized StandardEnvironment with PropertySources [MapPropertySource@1215642473 {name='systemProperties', properties={java.runtime.name=Java(TM) SE Runtime Environment, sun.boot.library.path=C:\Program Files\Java\jdk1.8.0_251\jre\bin, java.vm.version=25.251-b08, java.vm.vendor=Oracle Corporation, java.vendor.url=http://java.oracle.com/, path.separator=;, java.vm.name=Java HotSpot(TM) 64-Bit Server VM, file.encoding.pkg=sun.io, user.script=, sun.java.launcher=SUN_STANDARD, user.country=KR, sun.os.patch.level=, java.vm.specification.name=Java Virtual Machine Specification, user.dir=C:\project\freelec-springboot2-webservice, java.runtime.version=1.8.0_251-b08, java.awt.graphicsenv=sun.awt.Win32GraphicsEnvironment, java.endorsed.dirs=C:\Program Files\Java\jdk1.8.0_251\jre\lib\endorsed, os.arch=amd64, java.io.tmpdir=C:\Users\mhkim\AppData\Local\Temp\, line.separator=
, java.vm.specification.vendor=Oracle Corporation, user.variant=, os.name=Windows 10, sun.jnu.encoding=MS949, java.library.path=C:\Program Files\Java\jdk1.8.0_251\bin;C:\Windows\Sun\Java\bin;C:\Windows\system32;C:\Windows;C:\Program Files (x86)\Common Files\Oracle\Java\javapath;C:\Program Files (x86)\NetSarang\Xshell 6\;C:\Windows\system32;C:\Windows;C:\Windows\System32\Wbem;C:\Windows\System32\WindowsPowerShell\v1.0\;C:\Windows\System32\OpenSSH\;C:\Program Files (x86)\NVIDIA Corporation\PhysX\Common;C:\Program Files\NVIDIA Corporation\NVIDIA NvDLISR;C:\Program Files\Git\cmd;C:\Users\mhkim\AppData\Local\Microsoft\WindowsApps;C:\Program Files\Bandizip\;., java.specification.name=Java Platform API Specification, java.class.version=52.0, org.gradle.native=false, sun.management.compiler=HotSpot 64-Bit Tiered Compilers, os.version=10.0, user.home=C:\Users\mhkim, user.timezone=Asia/Seoul, java.awt.printerjob=sun.awt.windows.WPrinterJob, file.encoding=UTF-8, java.specification.version=1.8, java.class.path=C:\project\freelec-springboot2-webservice\build\classes\java\test;C:\project\freelec-springboot2-webservice\build\resources\test;C:\project\freelec-springboot2-webservice\build\classes\java\main;C:\project\freelec-springboot2-webservice\build\resources\main;C:\Users\mhkim\.gradle\caches\modules-2\files-2.1\org.springframework.boot\spring-boot-starter-web\2.0.5.RELEASE\52daa1f1509bd637a737206e54c06a17aabb9504\spring-boot-starter-web-2.0.5.RELEASE.jar;C:\Users\mhkim\.gradle\caches\modules-2\files-2.1\org.springframework.boot\spring-boot-starter-test\2.0.5.RELEASE\ab04ca2e76f6a8e786001352a81a10e4b0e7fbc8\spring-boot-starter-test-2.0.5.RELEASE.jar;C:\Users\mhkim\.gradle\caches\modules-2\files-2.1\org.springframework.boot\spring-boot-starter-json\2.0.5.RELEASE\d0052ded4733ceb1fb7d927238f22f9a92099227\spring-boot-starter-json-2.0.5.RELEASE.jar;C:\Users\mhkim\.gradle\caches\modules-2\files-2.1\org.springframework.boot\spring-boot-starter\2.0.5.RELEASE\1f53487a373be18d064a5815e9bac9882ef15cdc\spring-boot-starter-2.0.5.RELEASE.jar;C:\Users\mhkim\.gradle\caches\modules-2\files-2.1\org.springframework.boot\spring-boot-starter-tomcat\2.0.5.RELEASE\eaac8a5d73b45400bc88cd7f6b5c99b5f0d5e9b7\spring-boot-starter-tomcat-2.0.5.RELEASE.jar;C:\Users\mhkim\.gradle\caches\modules-2\files-2.1\org.hibernate.validator\hibernate-validator\6.0.12.Final\478003e61b056c1f97840ba3e62ff31cdc89597\hibernate-validator-6.0.12.Final.jar;C:\Users\mhkim\.gradle\caches\modules-2\files-2.1\org.springframework\spring-webmvc\5.0.9.RELEASE\c18346caaeb8dc648c4cc01874996fd9fef76664\spring-webmvc-5.0.9.RELEASE.jar;C:\Users\mhkim\.gradle\caches\modules-2\files-2.1\org.springframework\spring-web\5.0.9.RELEASE\1ea3aab93340849313fa74ec626ddaf1fff9ed8e\spring-web-5.0.9.RELEASE.jar;C:\Users\mhkim\.gradle\caches\modules-2\files-2.1\org.springframework.boot\spring-boot-test-autoconfigure\2.0.5.RELEASE\54d5e8f9e88c6236fe164474f0aed5a8a1052c43\spring-boot-test-autoconfigure-2.0.5.RELEASE.jar;C:\Users\mhkim\.gradle\caches\modules-2\files-2.1\org.springframework.boot\spring-boot-test\2.0.5.RELEASE\ce6353f33217982357a6bdba6576015ea333304c\spring-boot-test-2.0.5.RELEASE.jar;C:\Users\mhkim\.gradle\caches\modules-2\files-2.1\com.jayway.jsonpath\json-path\2.4.0\765a4401ceb2dc8d40553c2075eb80a8fa35c2ae\json-path-2.4.0.jar;C:\Users\mhkim\.gradle\caches\modules-2\files-2.1\junit\junit\4.12\2973d150c0dc1fefe998f834810d68f278ea58ec\junit-4.12.jar;C:\Users\mhkim\.gradle\caches\modules-2\files-2.1\org.assertj\assertj-core\3.9.1\c5ce126b15f28d56cd8f960c1a6a058b9c9aea87\assertj-core-3.9.1.jar;C:\Users\mhkim\.gradle\caches\modules-2\files-2.1\org.mockito\mockito-core\2.15.0\b84bfbbc29cd22c9529409627af6ea2897f4fa85\mockito-core-2.15.0.jar;C:\Users\mhkim\.gradle\caches\modules-2\files-2.1\org.hamcrest\hamcrest-library\1.3\4785a3c21320980282f9f33d0d1264a69040538f\hamcrest-library-1.3.jar;C:\Users\mhkim\.gradle\caches\modules-2\files-2.1\org.hamcrest\hamcrest-core\1.3\42a25dc3219429f0e5d060061f71acb49bf010a0\hamcrest-core-1.3.jar;C:\Users\mhkim\.gradle\caches\modules-2\files-2.1\org.skyscreamer\jsonassert\1.5.0\6c9d5fe2f59da598d9aefc1cfc6528ff3cf32df3\jsonassert-1.5.0.jar;C:\Users\mhkim\.gradle\caches\modules-2\files-2.1\org.springframework\spring-test\5.0.9.RELEASE\218c8648f898453be92d550252e0ce2a84b54375\spring-test-5.0.9.RELEASE.jar;C:\Users\mhkim\.gradle\caches\modules-2\files-2.1\org.springframework.boot\spring-boot-autoconfigure\2.0.5.RELEASE\e5588642799e0c0c04638e255c3d3f31ba400ff4\spring-boot-autoconfigure-2.0.5.RELEASE.jar;C:\Users\mhkim\.gradle\caches\modules-2\files-2.1\org.springframework.boot\spring-boot\2.0.5.RELEASE\19a4624cbd89a318d10c79f289c6c816043850fb\spring-boot-2.0.5.RELEASE.jar;C:\Users\mhkim\.gradle\caches\modules-2\files-2.1\org.springframework\spring-context\5.0.9.RELEASE\2501e55acb6c2e84667cda3f845d1d00a0dc4e05\spring-context-5.0.9.RELEASE.jar;C:\Users\mhkim\.gradle\caches\modules-2\files-2.1\org.springframework\spring-aop\5.0.9.RELEASE\98003b099697fe46b6bdf18c7e3f66d7a1381060\spring-aop-5.0.9.RELEASE.jar;C:\Users\mhkim\.gradle\caches\modules-2\files-2.1\org.springframework\spring-beans\5.0.9.RELEASE\65f56fdab1bb90ad059e314d2f2f4cf76f9bdbde\spring-beans-5.0.9.RELEASE.jar;C:\Users\mhkim\.gradle\caches\modules-2\files-2.1\org.springframework\spring-expression\5.0.9.RELEASE\1f9db5ff3a758102c0434cc3457aa47c50c39a4a\spring-expression-5.0.9.RELEASE.jar;C:\Users\mhkim\.gradle\caches\modules-2\files-2.1\org.springframework\spring-core\5.0.9.RELEASE\9f9a828936d81afd49a603bda9cc1aed863a0d85\spring-core-5.0.9.RELEASE.jar;C:\Users\mhkim\.gradle\caches\modules-2\files-2.1\org.xmlunit\xmlunit-core\2.5.1\4ffdb346572a7356f7521cd3119ce5287d2e339d\xmlunit-core-2.5.1.jar;C:\Users\mhkim\.gradle\caches\modules-2\files-2.1\org.springframework.boot\spring-boot-starter-logging\2.0.5.RELEASE\c353e0b9591d0765c687ff0a678478cbebfd5c23\spring-boot-starter-logging-2.0.5.RELEASE.jar;C:\Users\mhkim\.gradle\caches\modules-2\files-2.1\javax.annotation\javax.annotation-api\1.3.2\934c04d3cfef185a8008e7bf34331b79730a9d43\javax.annotation-api-1.3.2.jar;C:\Users\mhkim\.gradle\caches\modules-2\files-2.1\org.yaml\snakeyaml\1.19\2d998d3d674b172a588e54ab619854d073f555b5\snakeyaml-1.19.jar;C:\Users\mhkim\.gradle\caches\modules-2\files-2.1\com.fasterxml.jackson.datatype\jackson-datatype-jdk8\2.9.6\456895fc91bf7180b216fead220373e6278230c9\jackson-datatype-jdk8-2.9.6.jar;C:\Users\mhkim\.gradle\caches\modules-2\files-2.1\com.fasterxml.jackson.datatype\jackson-datatype-jsr310\2.9.6\ea54f6193d224e5e5732bbd4262327eb465397c2\jackson-datatype-jsr310-2.9.6.jar;C:\Users\mhkim\.gradle\caches\modules-2\files-2.1\com.fasterxml.jackson.module\jackson-module-parameter-names\2.9.6\129acd77a4b6ee30d62d3a0899b1344c8ec2bff8\jackson-module-parameter-names-2.9.6.jar;C:\Users\mhkim\.gradle\caches\modules-2\files-2.1\com.fasterxml.jackson.core\jackson-databind\2.9.6\cfa4f316351a91bfd95cb0644c6a2c95f52db1fc\jackson-databind-2.9.6.jar;C:\Users\mhkim\.gradle\caches\modules-2\files-2.1\org.apache.tomcat.embed\tomcat-embed-websocket\8.5.34\5f86906367c2540b21e6aeecc277d2ce9ec939b0\tomcat-embed-websocket-8.5.34.jar;C:\Users\mhkim\.gradle\caches\modules-2\files-2.1\org.apache.tomcat.embed\tomcat-embed-core\8.5.34\a038040d68a90397f95dd1e11b979fe364a5000f\tomcat-embed-core-8.5.34.jar;C:\Users\mhkim\.gradle\caches\modules-2\files-2.1\org.apache.tomcat.embed\tomcat-embed-el\8.5.34\be71a9a5bdd001db7cf97c47429eec0bdd3b7b88\tomcat-embed-el-8.5.34.jar;C:\Users\mhkim\.gradle\caches\modules-2\files-2.1\javax.validation\validation-api\2.0.1.Final\cb855558e6271b1b32e716d24cb85c7f583ce09e\validation-api-2.0.1.Final.jar;C:\Users\mhkim\.gradle\caches\modules-2\files-2.1\org.jboss.logging\jboss-logging\3.3.2.Final\3789d00e859632e6c6206adc0c71625559e6e3b0\jboss-logging-3.3.2.Final.jar;C:\Users\mhkim\.gradle\caches\modules-2\files-2.1\com.fasterxml\classmate\1.3.4\3d5f48f10bbe4eb7bd862f10c0583be2e0053c6\classmate-1.3.4.jar;C:\Users\mhkim\.gradle\caches\modules-2\files-2.1\net.minidev\json-smart\2.3\7396407491352ce4fa30de92efb158adb76b5b\json-smart-2.3.jar;C:\Users\mhkim\.gradle\caches\modules-2\files-2.1\ch.qos.logback\logback-classic\1.2.3\7c4f3c474fb2c041d8028740440937705ebb473a\logback-classic-1.2.3.jar;C:\Users\mhkim\.gradle\caches\modules-2\files-2.1\org.apache.logging.log4j\log4j-to-slf4j\2.10.0\f7e631ccf49cfc0aefa4a2a728da7d374c05bd3c\log4j-to-slf4j-2.10.0.jar;C:\Users\mhkim\.gradle\caches\modules-2\files-2.1\org.slf4j\jul-to-slf4j\1.7.25\af5364cd6679bfffb114f0dec8a157aaa283b76\jul-to-slf4j-1.7.25.jar;C:\Users\mhkim\.gradle\caches\modules-2\files-2.1\org.slf4j\slf4j-api\1.7.25\da76ca59f6a57ee3102f8f9bd9cee742973efa8a\slf4j-api-1.7.25.jar;C:\Users\mhkim\.gradle\caches\modules-2\files-2.1\net.bytebuddy\byte-buddy\1.7.11\f02857a4e2c66ccbe7aaad6100a0a6c461bce9b3\byte-buddy-1.7.11.jar;C:\Users\mhkim\.gradle\caches\modules-2\files-2.1\net.bytebuddy\byte-buddy-agent\1.7.11\b425a8933ca07edd03c6dbc8bc3b595fba9780de\byte-buddy-agent-1.7.11.jar;C:\Users\mhkim\.gradle\caches\modules-2\files-2.1\org.objenesis\objenesis\2.6\639033469776fd37c08358c6b92a4761feb2af4b\objenesis-2.6.jar;C:\Users\mhkim\.gradle\caches\modules-2\files-2.1\com.vaadin.external.google\android-json\0.0.20131108.vaadin1\fa26d351fe62a6a17f5cda1287c1c6110dec413f\android-json-0.0.20131108.vaadin1.jar;C:\Users\mhkim\.gradle\caches\modules-2\files-2.1\org.springframework\spring-jcl\5.0.9.RELEASE\bc3b5aaae53f0bc03647e53ecbd98a05b47a4e90\spring-jcl-5.0.9.RELEASE.jar;C:\Users\mhkim\.gradle\caches\modules-2\files-2.1\com.fasterxml.jackson.core\jackson-annotations\2.9.0\7c10d545325e3a6e72e06381afe469fd40eb701\jackson-annotations-2.9.0.jar;C:\Users\mhkim\.gradle\caches\modules-2\files-2.1\com.fasterxml.jackson.core\jackson-core\2.9.6\4e393793c37c77e042ccc7be5a914ae39251b365\jackson-core-2.9.6.jar;C:\Users\mhkim\.gradle\caches\modules-2\files-2.1\net.minidev\accessors-smart\1.2\c592b500269bfde36096641b01238a8350f8aa31\accessors-smart-1.2.jar;C:\Users\mhkim\.gradle\caches\modules-2\files-2.1\ch.qos.logback\logback-core\1.2.3\864344400c3d4d92dfeb0a305dc87d953677c03c\logback-core-1.2.3.jar;C:\Users\mhkim\.gradle\caches\modules-2\files-2.1\org.apache.logging.log4j\log4j-api\2.10.0\fec5797a55b786184a537abd39c3fa1449d752d6\log4j-api-2.10.0.jar;C:\Users\mhkim\.gradle\caches\modules-2\files-2.1\org.ow2.asm\asm\5.0.4\da08b8cce7bbf903602a25a3a163ae252435795\asm-5.0.4.jar, user.name=mhkim, java.vm.specification.version=1.8, sun.java.command=worker.org.gradle.process.internal.worker.GradleWorkerMain 'Gradle Test Executor 7', java.home=C:\Program Files\Java\jdk1.8.0_251\jre, sun.arch.data.model=64, user.language=ko, java.specification.vendor=Oracle Corporation, awt.toolkit=sun.awt.windows.WToolkit, java.vm.info=mixed mode, java.version=1.8.0_251, java.ext.dirs=C:\Program Files\Java\jdk1.8.0_251\jre\lib\ext;C:\Windows\Sun\Java\lib\ext, sun.boot.class.path=C:\Program Files\Java\jdk1.8.0_251\jre\lib\resources.jar;C:\Program Files\Java\jdk1.8.0_251\jre\lib\rt.jar;C:\Program Files\Java\jdk1.8.0_251\jre\lib\sunrsasign.jar;C:\Program Files\Java\jdk1.8.0_251\jre\lib\jsse.jar;C:\Program Files\Java\jdk1.8.0_251\jre\lib\jce.jar;C:\Program Files\Java\jdk1.8.0_251\jre\lib\charsets.jar;C:\Program Files\Java\jdk1.8.0_251\jre\lib\jfr.jar;C:\Program Files\Java\jdk1.8.0_251\jre\classes, java.vendor=Oracle Corporation, org.gradle.test.worker=7, file.separator=\, java.vendor.url.bug=http://bugreport.sun.com/bugreport/, sun.io.unicode.encoding=UnicodeLittle, sun.cpu.endian=little, sun.desktop=windows, sun.cpu.isalist=amd64}}, SystemEnvironmentPropertySource@1878221488 {name='systemEnvironment', properties={USERDOMAIN_ROAMINGPROFILE=DESKTOP-NFV5ODN, OneDriveCommercial=C:\Users\mhkim\OneDrive - hs.ac.kr, LOCALAPPDATA=C:\Users\mhkim\AppData\Local, PROCESSOR_LEVEL=23, USERDOMAIN=DESKTOP-NFV5ODN, LOGONSERVER=\\DESKTOP-NFV5ODN, SESSIONNAME=Console, ALLUSERSPROFILE=C:\ProgramData, PROCESSOR_ARCHITECTURE=AMD64, PSModulePath=%ProgramFiles%\WindowsPowerShell\Modules;C:\Windows\system32\WindowsPowerShell\v1.0\Modules, SystemDrive=C:, OneDrive=C:\Users\mhkim\OneDrive - hs.ac.kr, APPDATA=C:\Users\mhkim\AppData\Roaming, USERNAME=mhkim, ProgramFiles(x86)=C:\Program Files (x86), TOOLBOX_VERSION=1.17.6856, CommonProgramFiles=C:\Program Files\Common Files, Path=C:\Program Files (x86)\Common Files\Oracle\Java\javapath;C:\Program Files (x86)\NetSarang\Xshell 6\;C:\Windows\system32;C:\Windows;C:\Windows\System32\Wbem;C:\Windows\System32\WindowsPowerShell\v1.0\;C:\Windows\System32\OpenSSH\;C:\Program Files (x86)\NVIDIA Corporation\PhysX\Common;C:\Program Files\NVIDIA Corporation\NVIDIA NvDLISR;C:\Program Files\Git\cmd;C:\Users\mhkim\AppData\Local\Microsoft\WindowsApps;C:\Program Files\Bandizip\, PATHEXT=.COM;.EXE;.BAT;.CMD;.VBS;.VBE;.JS;.JSE;.WSF;.WSH;.MSC, DriverData=C:\Windows\System32\Drivers\DriverData, OS=Windows_NT, COMPUTERNAME=DESKTOP-NFV5ODN, AMDRMPATH=C:\Program Files\AMD\RyzenMaster\, PROCESSOR_REVISION=7100, CommonProgramW6432=C:\Program Files\Common Files, ComSpec=C:\Windows\system32\cmd.exe, ProgramData=C:\ProgramData, ProgramW6432=C:\Program Files, HOMEPATH=\Users\mhkim, SystemRoot=C:\Windows, TEMP=C:\Users\mhkim\AppData\Local\Temp, HOMEDRIVE=C:, PROCESSOR_IDENTIFIER=AMD64 Family 23 Model 113 Stepping 0, AuthenticAMD, USERPROFILE=C:\Users\mhkim, TMP=C:\Users\mhkim\AppData\Local\Temp, CommonProgramFiles(x86)=C:\Program Files (x86)\Common Files, ProgramFiles=C:\Program Files, PUBLIC=C:\Users\Public, NUMBER_OF_PROCESSORS=16, windir=C:\Windows, IDEA_INITIAL_DIRECTORY=C:\Users\mhkim\AppData\Local\JetBrains\Toolbox\apps\IDEA-U\ch-0\201.7223.91\bin}}]
09:29:36.944 [Test worker] DEBUG org.springframework.core.io.support.PathMatchingResourcePatternResolver - Resolved classpath location [com/jojoIdu/book/springboot/web/] to resources [URL [file:/C:/project/freelec-springboot2-webservice/build/classes/java/test/com/jojoIdu/book/springboot/web/], URL [file:/C:/project/freelec-springboot2-webservice/build/classes/java/main/com/jojoIdu/book/springboot/web/]]
09:29:36.944 [Test worker] DEBUG org.springframework.core.io.support.PathMatchingResourcePatternResolver - Looking for matching resources in directory tree [C:\project\freelec-springboot2-webservice\build\classes\java\test\com\jojoIdu\book\springboot\web]
09:29:36.944 [Test worker] DEBUG org.springframework.core.io.support.PathMatchingResourcePatternResolver - Searching directory [C:\project\freelec-springboot2-webservice\build\classes\java\test\com\jojoIdu\book\springboot\web] for files matching pattern [C:/project/freelec-springboot2-webservice/build/classes/java/test/com/jojoIdu/book/springboot/web/*.class]
09:29:36.946 [Test worker] DEBUG org.springframework.core.io.support.PathMatchingResourcePatternResolver - Looking for matching resources in directory tree [C:\project\freelec-springboot2-webservice\build\classes\java\main\com\jojoIdu\book\springboot\web]
09:29:36.946 [Test worker] DEBUG org.springframework.core.io.support.PathMatchingResourcePatternResolver - Searching directory [C:\project\freelec-springboot2-webservice\build\classes\java\main\com\jojoIdu\book\springboot\web] for files matching pattern [C:/project/freelec-springboot2-webservice/build/classes/java/main/com/jojoIdu/book/springboot/web/*.class]
09:29:36.946 [Test worker] DEBUG org.springframework.core.io.support.PathMatchingResourcePatternResolver - Resolved location pattern [classpath*:com/jojoIdu/book/springboot/web/*.class] to resources [file [C:\project\freelec-springboot2-webservice\build\classes\java\test\com\jojoIdu\book\springboot\web\HelloControllerTest.class], file [C:\project\freelec-springboot2-webservice\build\classes\java\main\com\jojoIdu\book\springboot\web\HelloController.class]]
09:29:36.962 [Test worker] DEBUG org.springframework.core.io.support.PathMatchingResourcePatternResolver - Resolved classpath location [com/jojoIdu/book/springboot/] to resources [URL [file:/C:/project/freelec-springboot2-webservice/build/classes/java/test/com/jojoIdu/book/springboot/], URL [file:/C:/project/freelec-springboot2-webservice/build/classes/java/main/com/jojoIdu/book/springboot/]]
09:29:36.962 [Test worker] DEBUG org.springframework.core.io.support.PathMatchingResourcePatternResolver - Looking for matching resources in directory tree [C:\project\freelec-springboot2-webservice\build\classes\java\test\com\jojoIdu\book\springboot]
09:29:36.962 [Test worker] DEBUG org.springframework.core.io.support.PathMatchingResourcePatternResolver - Searching directory [C:\project\freelec-springboot2-webservice\build\classes\java\test\com\jojoIdu\book\springboot] for files matching pattern [C:/project/freelec-springboot2-webservice/build/classes/java/test/com/jojoIdu/book/springboot/*.class]
09:29:36.963 [Test worker] DEBUG org.springframework.core.io.support.PathMatchingResourcePatternResolver - Looking for matching resources in directory tree [C:\project\freelec-springboot2-webservice\build\classes\java\main\com\jojoIdu\book\springboot]
09:29:36.963 [Test worker] DEBUG org.springframework.core.io.support.PathMatchingResourcePatternResolver - Searching directory [C:\project\freelec-springboot2-webservice\build\classes\java\main\com\jojoIdu\book\springboot] for files matching pattern [C:/project/freelec-springboot2-webservice/build/classes/java/main/com/jojoIdu/book/springboot/*.class]
09:29:36.963 [Test worker] DEBUG org.springframework.core.io.support.PathMatchingResourcePatternResolver - Resolved location pattern [classpath*:com/jojoIdu/book/springboot/*.class] to resources [file [C:\project\freelec-springboot2-webservice\build\classes\java\main\com\jojoIdu\book\springboot\Application.class]]
09:29:36.973 [Test worker] DEBUG org.springframework.context.annotation.ClassPathScanningCandidateComponentProvider - Identified candidate component class: file [C:\project\freelec-springboot2-webservice\build\classes\java\main\com\jojoIdu\book\springboot\Application.class]
09:29:36.974 [Test worker] INFO org.springframework.boot.test.context.SpringBootTestContextBootstrapper - Found @SpringBootConfiguration com.jojoIdu.book.springboot.Application for test class com.jojoIdu.book.springboot.web.HelloControllerTest
09:29:36.975 [Test worker] DEBUG org.springframework.boot.test.autoconfigure.web.servlet.WebMvcTestContextBootstrapper - @TestExecutionListeners is not present for class [com.jojoIdu.book.springboot.web.HelloControllerTest]: using defaults.
09:29:36.975 [Test worker] INFO org.springframework.boot.test.autoconfigure.web.servlet.WebMvcTestContextBootstrapper - Loaded default TestExecutionListener class names from location [META-INF/spring.factories]: [org.springframework.boot.test.autoconfigure.restdocs.RestDocsTestExecutionListener, org.springframework.boot.test.autoconfigure.web.client.MockRestServiceServerResetTestExecutionListener, org.springframework.boot.test.autoconfigure.web.servlet.MockMvcPrintOnlyOnFailureTestExecutionListener, org.springframework.boot.test.autoconfigure.web.servlet.WebDriverTestExecutionListener, org.springframework.boot.test.mock.mockito.MockitoTestExecutionListener, org.springframework.boot.test.mock.mockito.ResetMocksTestExecutionListener, org.springframework.test.context.web.ServletTestExecutionListener, org.springframework.test.context.support.DirtiesContextBeforeModesTestExecutionListener, org.springframework.test.context.support.DependencyInjectionTestExecutionListener, org.springframework.test.context.support.DirtiesContextTestExecutionListener, org.springframework.test.context.transaction.TransactionalTestExecutionListener, org.springframework.test.context.jdbc.SqlScriptsTestExecutionListener]
09:29:36.982 [Test worker] DEBUG org.springframework.boot.test.autoconfigure.web.servlet.WebMvcTestContextBootstrapper - Skipping candidate TestExecutionListener [org.springframework.test.context.transaction.TransactionalTestExecutionListener] due to a missing dependency. Specify custom listener classes or make the default listener classes and their required dependencies available. Offending class: [org/springframework/transaction/interceptor/TransactionAttributeSource]
09:29:36.982 [Test worker] DEBUG org.springframework.boot.test.autoconfigure.web.servlet.WebMvcTestContextBootstrapper - Skipping candidate TestExecutionListener [org.springframework.test.context.jdbc.SqlScriptsTestExecutionListener] due to a missing dependency. Specify custom listener classes or make the default listener classes and their required dependencies available. Offending class: [org/springframework/transaction/interceptor/TransactionAttribute]
09:29:36.982 [Test worker] INFO org.springframework.boot.test.autoconfigure.web.servlet.WebMvcTestContextBootstrapper - Using TestExecutionListeners: [org.springframework.test.context.web.ServletTestExecutionListener@514bd604, org.springframework.test.context.support.DirtiesContextBeforeModesTestExecutionListener@4d39f705, org.springframework.boot.test.mock.mockito.MockitoTestExecutionListener@366f3cc0, org.springframework.boot.test.autoconfigure.SpringBootDependencyInjectionTestExecutionListener@436fe978, org.springframework.test.context.support.DirtiesContextTestExecutionListener@4c9bece7, org.springframework.boot.test.autoconfigure.restdocs.RestDocsTestExecutionListener@4e18bbae, org.springframework.boot.test.autoconfigure.web.client.MockRestServiceServerResetTestExecutionListener@15e0791, org.springframework.boot.test.autoconfigure.web.servlet.MockMvcPrintOnlyOnFailureTestExecutionListener@3d461aeb, org.springframework.boot.test.autoconfigure.web.servlet.WebDriverTestExecutionListener@2e292570, org.springframework.boot.test.mock.mockito.ResetMocksTestExecutionListener@25672ed0]
09:29:36.984 [Test worker] DEBUG org.springframework.test.annotation.ProfileValueUtils - Retrieved @ProfileValueSourceConfiguration [null] for test class [com.jojoIdu.book.springboot.web.HelloControllerTest]
09:29:36.985 [Test worker] DEBUG org.springframework.test.annotation.ProfileValueUtils - Retrieved ProfileValueSource type [class org.springframework.test.annotation.SystemProfileValueSource] for class [com.jojoIdu.book.springboot.web.HelloControllerTest]
09:29:36.986 [Test worker] DEBUG org.springframework.test.annotation.ProfileValueUtils - Retrieved @ProfileValueSourceConfiguration [null] for test class [com.jojoIdu.book.springboot.web.HelloControllerTest]
09:29:36.986 [Test worker] DEBUG org.springframework.test.annotation.ProfileValueUtils - Retrieved ProfileValueSource type [class org.springframework.test.annotation.SystemProfileValueSource] for class [com.jojoIdu.book.springboot.web.HelloControllerTest]
09:29:36.986 [Test worker] DEBUG org.springframework.test.annotation.ProfileValueUtils - Retrieved @ProfileValueSourceConfiguration [null] for test class [com.jojoIdu.book.springboot.web.HelloControllerTest]
09:29:36.986 [Test worker] DEBUG org.springframework.test.annotation.ProfileValueUtils - Retrieved ProfileValueSource type [class org.springframework.test.annotation.SystemProfileValueSource] for class [com.jojoIdu.book.springboot.web.HelloControllerTest]
09:29:36.989 [Test worker] DEBUG org.springframework.test.context.support.AbstractDirtiesContextTestExecutionListener - Before test class: context [DefaultTestContext@4bccc815 testClass = HelloControllerTest, testInstance = [null], testMethod = [null], testException = [null], mergedContextConfiguration = [WebMergedContextConfiguration@58cb0086 testClass = HelloControllerTest, locations = '{}', classes = '{class com.jojoIdu.book.springboot.Application}', contextInitializerClasses = '[]', activeProfiles = '{}', propertySourceLocations = '{}', propertySourceProperties = '{org.springframework.boot.test.autoconfigure.web.servlet.WebMvcTestContextBootstrapper=true}', contextCustomizers = set[org.springframework.boot.test.autoconfigure.OverrideAutoConfigurationContextCustomizerFactory$DisableAutoConfigurationContextCustomizer@7ef80707, org.springframework.boot.test.autoconfigure.filter.TypeExcludeFiltersContextCustomizer@86e1cc61, org.springframework.boot.test.autoconfigure.properties.PropertyMappingContextCustomizer@9789effa, org.springframework.boot.test.autoconfigure.web.servlet.WebDriverContextCustomizerFactory$Customizer@31f60253, [ImportsContextCustomizer@4cdf129d key = [org.springframework.boot.autoconfigure.cache.CacheAutoConfiguration, org.springframework.boot.autoconfigure.context.MessageSourceAutoConfiguration, org.springframework.boot.autoconfigure.freemarker.FreeMarkerAutoConfiguration, org.springframework.boot.autoconfigure.groovy.template.GroovyTemplateAutoConfiguration, org.springframework.boot.autoconfigure.gson.GsonAutoConfiguration, org.springframework.boot.autoconfigure.hateoas.HypermediaAutoConfiguration, org.springframework.boot.autoconfigure.http.HttpMessageConvertersAutoConfiguration, org.springframework.boot.autoconfigure.jackson.JacksonAutoConfiguration, org.springframework.boot.autoconfigure.jsonb.JsonbAutoConfiguration, org.springframework.boot.autoconfigure.mustache.MustacheAutoConfiguration, org.springframework.boot.autoconfigure.thymeleaf.ThymeleafAutoConfiguration, org.springframework.boot.autoconfigure.validation.ValidationAutoConfiguration, org.springframework.boot.autoconfigure.web.servlet.error.ErrorMvcAutoConfiguration, org.springframework.boot.autoconfigure.web.servlet.WebMvcAutoConfiguration, org.springframework.boot.test.autoconfigure.web.servlet.MockMvcAutoConfiguration, org.springframework.boot.test.autoconfigure.web.servlet.MockMvcSecurityAutoConfiguration, org.springframework.boot.test.autoconfigure.web.servlet.MockMvcWebClientAutoConfiguration, org.springframework.boot.test.autoconfigure.web.servlet.MockMvcWebDriverAutoConfiguration]], org.springframework.boot.test.context.filter.ExcludeFilterContextCustomizer@1ce44fd3, org.springframework.boot.test.json.DuplicateJsonObjectContextCustomizerFactory$DuplicateJsonObjectContextCustomizer@51c42f23, org.springframework.boot.test.mock.mockito.MockitoContextCustomizer@0], resourceBasePath = '', contextLoader = 'org.springframework.boot.test.context.SpringBootContextLoader', parent = [null]], attributes = map[[empty]]], class annotated with @DirtiesContext [false] with mode [null].
09:29:36.989 [Test worker] DEBUG org.springframework.test.annotation.ProfileValueUtils - Retrieved @ProfileValueSourceConfiguration [null] for test class [com.jojoIdu.book.springboot.web.HelloControllerTest]
09:29:36.989 [Test worker] DEBUG org.springframework.test.annotation.ProfileValueUtils - Retrieved ProfileValueSource type [class org.springframework.test.annotation.SystemProfileValueSource] for class [com.jojoIdu.book.springboot.web.HelloControllerTest]
09:29:36.992 [Test worker] DEBUG org.springframework.test.context.support.DependencyInjectionTestExecutionListener - Performing dependency injection for test context [[DefaultTestContext@4bccc815 testClass = HelloControllerTest, testInstance = com.jojoIdu.book.springboot.web.HelloControllerTest@3a0bf000, testMethod = [null], testException = [null], mergedContextConfiguration = [WebMergedContextConfiguration@58cb0086 testClass = HelloControllerTest, locations = '{}', classes = '{class com.jojoIdu.book.springboot.Application}', contextInitializerClasses = '[]', activeProfiles = '{}', propertySourceLocations = '{}', propertySourceProperties = '{org.springframework.boot.test.autoconfigure.web.servlet.WebMvcTestContextBootstrapper=true}', contextCustomizers = set[org.springframework.boot.test.autoconfigure.OverrideAutoConfigurationContextCustomizerFactory$DisableAutoConfigurationContextCustomizer@7ef80707, org.springframework.boot.test.autoconfigure.filter.TypeExcludeFiltersContextCustomizer@86e1cc61, org.springframework.boot.test.autoconfigure.properties.PropertyMappingContextCustomizer@9789effa, org.springframework.boot.test.autoconfigure.web.servlet.WebDriverContextCustomizerFactory$Customizer@31f60253, [ImportsContextCustomizer@4cdf129d key = [org.springframework.boot.autoconfigure.cache.CacheAutoConfiguration, org.springframework.boot.autoconfigure.context.MessageSourceAutoConfiguration, org.springframework.boot.autoconfigure.freemarker.FreeMarkerAutoConfiguration, org.springframework.boot.autoconfigure.groovy.template.GroovyTemplateAutoConfiguration, org.springframework.boot.autoconfigure.gson.GsonAutoConfiguration, org.springframework.boot.autoconfigure.hateoas.HypermediaAutoConfiguration, org.springframework.boot.autoconfigure.http.HttpMessageConvertersAutoConfiguration, org.springframework.boot.autoconfigure.jackson.JacksonAutoConfiguration, org.springframework.boot.autoconfigure.jsonb.JsonbAutoConfiguration, org.springframework.boot.autoconfigure.mustache.MustacheAutoConfiguration, org.springframework.boot.autoconfigure.thymeleaf.ThymeleafAutoConfiguration, org.springframework.boot.autoconfigure.validation.ValidationAutoConfiguration, org.springframework.boot.autoconfigure.web.servlet.error.ErrorMvcAutoConfiguration, org.springframework.boot.autoconfigure.web.servlet.WebMvcAutoConfiguration, org.springframework.boot.test.autoconfigure.web.servlet.MockMvcAutoConfiguration, org.springframework.boot.test.autoconfigure.web.servlet.MockMvcSecurityAutoConfiguration, org.springframework.boot.test.autoconfigure.web.servlet.MockMvcWebClientAutoConfiguration, org.springframework.boot.test.autoconfigure.web.servlet.MockMvcWebDriverAutoConfiguration]], org.springframework.boot.test.context.filter.ExcludeFilterContextCustomizer@1ce44fd3, org.springframework.boot.test.json.DuplicateJsonObjectContextCustomizerFactory$DuplicateJsonObjectContextCustomizer@51c42f23, org.springframework.boot.test.mock.mockito.MockitoContextCustomizer@0], resourceBasePath = '', contextLoader = 'org.springframework.boot.test.context.SpringBootContextLoader', parent = [null]], attributes = map[[empty]]]].
09:29:37.006 [Test worker] DEBUG org.springframework.core.env.StandardEnvironment - Adding PropertySource 'systemProperties' with lowest search precedence
09:29:37.006 [Test worker] DEBUG org.springframework.core.env.StandardEnvironment - Adding PropertySource 'systemEnvironment' with lowest search precedence
09:29:37.007 [Test worker] DEBUG org.springframework.core.env.StandardEnvironment - Initialized StandardEnvironment with PropertySources [MapPropertySource@1249952263 {name='systemProperties', properties={java.runtime.name=Java(TM) SE Runtime Environment, sun.boot.library.path=C:\Program Files\Java\jdk1.8.0_251\jre\bin, java.vm.version=25.251-b08, java.vm.vendor=Oracle Corporation, java.vendor.url=http://java.oracle.com/, path.separator=;, java.vm.name=Java HotSpot(TM) 64-Bit Server VM, file.encoding.pkg=sun.io, user.script=, sun.java.launcher=SUN_STANDARD, user.country=KR, sun.os.patch.level=, java.vm.specification.name=Java Virtual Machine Specification, user.dir=C:\project\freelec-springboot2-webservice, java.runtime.version=1.8.0_251-b08, java.awt.graphicsenv=sun.awt.Win32GraphicsEnvironment, java.endorsed.dirs=C:\Program Files\Java\jdk1.8.0_251\jre\lib\endorsed, os.arch=amd64, java.io.tmpdir=C:\Users\mhkim\AppData\Local\Temp\, line.separator=
, java.vm.specification.vendor=Oracle Corporation, user.variant=, os.name=Windows 10, sun.jnu.encoding=MS949, java.library.path=C:\Program Files\Java\jdk1.8.0_251\bin;C:\Windows\Sun\Java\bin;C:\Windows\system32;C:\Windows;C:\Program Files (x86)\Common Files\Oracle\Java\javapath;C:\Program Files (x86)\NetSarang\Xshell 6\;C:\Windows\system32;C:\Windows;C:\Windows\System32\Wbem;C:\Windows\System32\WindowsPowerShell\v1.0\;C:\Windows\System32\OpenSSH\;C:\Program Files (x86)\NVIDIA Corporation\PhysX\Common;C:\Program Files\NVIDIA Corporation\NVIDIA NvDLISR;C:\Program Files\Git\cmd;C:\Users\mhkim\AppData\Local\Microsoft\WindowsApps;C:\Program Files\Bandizip\;., java.specification.name=Java Platform API Specification, java.class.version=52.0, org.gradle.native=false, sun.management.compiler=HotSpot 64-Bit Tiered Compilers, os.version=10.0, user.home=C:\Users\mhkim, user.timezone=Asia/Seoul, java.awt.printerjob=sun.awt.windows.WPrinterJob, file.encoding=UTF-8, java.specification.version=1.8, java.class.path=C:\project\freelec-springboot2-webservice\build\classes\java\test;C:\project\freelec-springboot2-webservice\build\resources\test;C:\project\freelec-springboot2-webservice\build\classes\java\main;C:\project\freelec-springboot2-webservice\build\resources\main;C:\Users\mhkim\.gradle\caches\modules-2\files-2.1\org.springframework.boot\spring-boot-starter-web\2.0.5.RELEASE\52daa1f1509bd637a737206e54c06a17aabb9504\spring-boot-starter-web-2.0.5.RELEASE.jar;C:\Users\mhkim\.gradle\caches\modules-2\files-2.1\org.springframework.boot\spring-boot-starter-test\2.0.5.RELEASE\ab04ca2e76f6a8e786001352a81a10e4b0e7fbc8\spring-boot-starter-test-2.0.5.RELEASE.jar;C:\Users\mhkim\.gradle\caches\modules-2\files-2.1\org.springframework.boot\spring-boot-starter-json\2.0.5.RELEASE\d0052ded4733ceb1fb7d927238f22f9a92099227\spring-boot-starter-json-2.0.5.RELEASE.jar;C:\Users\mhkim\.gradle\caches\modules-2\files-2.1\org.springframework.boot\spring-boot-starter\2.0.5.RELEASE\1f53487a373be18d064a5815e9bac9882ef15cdc\spring-boot-starter-2.0.5.RELEASE.jar;C:\Users\mhkim\.gradle\caches\modules-2\files-2.1\org.springframework.boot\spring-boot-starter-tomcat\2.0.5.RELEASE\eaac8a5d73b45400bc88cd7f6b5c99b5f0d5e9b7\spring-boot-starter-tomcat-2.0.5.RELEASE.jar;C:\Users\mhkim\.gradle\caches\modules-2\files-2.1\org.hibernate.validator\hibernate-validator\6.0.12.Final\478003e61b056c1f97840ba3e62ff31cdc89597\hibernate-validator-6.0.12.Final.jar;C:\Users\mhkim\.gradle\caches\modules-2\files-2.1\org.springframework\spring-webmvc\5.0.9.RELEASE\c18346caaeb8dc648c4cc01874996fd9fef76664\spring-webmvc-5.0.9.RELEASE.jar;C:\Users\mhkim\.gradle\caches\modules-2\files-2.1\org.springframework\spring-web\5.0.9.RELEASE\1ea3aab93340849313fa74ec626ddaf1fff9ed8e\spring-web-5.0.9.RELEASE.jar;C:\Users\mhkim\.gradle\caches\modules-2\files-2.1\org.springframework.boot\spring-boot-test-autoconfigure\2.0.5.RELEASE\54d5e8f9e88c6236fe164474f0aed5a8a1052c43\spring-boot-test-autoconfigure-2.0.5.RELEASE.jar;C:\Users\mhkim\.gradle\caches\modules-2\files-2.1\org.springframework.boot\spring-boot-test\2.0.5.RELEASE\ce6353f33217982357a6bdba6576015ea333304c\spring-boot-test-2.0.5.RELEASE.jar;C:\Users\mhkim\.gradle\caches\modules-2\files-2.1\com.jayway.jsonpath\json-path\2.4.0\765a4401ceb2dc8d40553c2075eb80a8fa35c2ae\json-path-2.4.0.jar;C:\Users\mhkim\.gradle\caches\modules-2\files-2.1\junit\junit\4.12\2973d150c0dc1fefe998f834810d68f278ea58ec\junit-4.12.jar;C:\Users\mhkim\.gradle\caches\modules-2\files-2.1\org.assertj\assertj-core\3.9.1\c5ce126b15f28d56cd8f960c1a6a058b9c9aea87\assertj-core-3.9.1.jar;C:\Users\mhkim\.gradle\caches\modules-2\files-2.1\org.mockito\mockito-core\2.15.0\b84bfbbc29cd22c9529409627af6ea2897f4fa85\mockito-core-2.15.0.jar;C:\Users\mhkim\.gradle\caches\modules-2\files-2.1\org.hamcrest\hamcrest-library\1.3\4785a3c21320980282f9f33d0d1264a69040538f\hamcrest-library-1.3.jar;C:\Users\mhkim\.gradle\caches\modules-2\files-2.1\org.hamcrest\hamcrest-core\1.3\42a25dc3219429f0e5d060061f71acb49bf010a0\hamcrest-core-1.3.jar;C:\Users\mhkim\.gradle\caches\modules-2\files-2.1\org.skyscreamer\jsonassert\1.5.0\6c9d5fe2f59da598d9aefc1cfc6528ff3cf32df3\jsonassert-1.5.0.jar;C:\Users\mhkim\.gradle\caches\modules-2\files-2.1\org.springframework\spring-test\5.0.9.RELEASE\218c8648f898453be92d550252e0ce2a84b54375\spring-test-5.0.9.RELEASE.jar;C:\Users\mhkim\.gradle\caches\modules-2\files-2.1\org.springframework.boot\spring-boot-autoconfigure\2.0.5.RELEASE\e5588642799e0c0c04638e255c3d3f31ba400ff4\spring-boot-autoconfigure-2.0.5.RELEASE.jar;C:\Users\mhkim\.gradle\caches\modules-2\files-2.1\org.springframework.boot\spring-boot\2.0.5.RELEASE\19a4624cbd89a318d10c79f289c6c816043850fb\spring-boot-2.0.5.RELEASE.jar;C:\Users\mhkim\.gradle\caches\modules-2\files-2.1\org.springframework\spring-context\5.0.9.RELEASE\2501e55acb6c2e84667cda3f845d1d00a0dc4e05\spring-context-5.0.9.RELEASE.jar;C:\Users\mhkim\.gradle\caches\modules-2\files-2.1\org.springframework\spring-aop\5.0.9.RELEASE\98003b099697fe46b6bdf18c7e3f66d7a1381060\spring-aop-5.0.9.RELEASE.jar;C:\Users\mhkim\.gradle\caches\modules-2\files-2.1\org.springframework\spring-beans\5.0.9.RELEASE\65f56fdab1bb90ad059e314d2f2f4cf76f9bdbde\spring-beans-5.0.9.RELEASE.jar;C:\Users\mhkim\.gradle\caches\modules-2\files-2.1\org.springframework\spring-expression\5.0.9.RELEASE\1f9db5ff3a758102c0434cc3457aa47c50c39a4a\spring-expression-5.0.9.RELEASE.jar;C:\Users\mhkim\.gradle\caches\modules-2\files-2.1\org.springframework\spring-core\5.0.9.RELEASE\9f9a828936d81afd49a603bda9cc1aed863a0d85\spring-core-5.0.9.RELEASE.jar;C:\Users\mhkim\.gradle\caches\modules-2\files-2.1\org.xmlunit\xmlunit-core\2.5.1\4ffdb346572a7356f7521cd3119ce5287d2e339d\xmlunit-core-2.5.1.jar;C:\Users\mhkim\.gradle\caches\modules-2\files-2.1\org.springframework.boot\spring-boot-starter-logging\2.0.5.RELEASE\c353e0b9591d0765c687ff0a678478cbebfd5c23\spring-boot-starter-logging-2.0.5.RELEASE.jar;C:\Users\mhkim\.gradle\caches\modules-2\files-2.1\javax.annotation\javax.annotation-api\1.3.2\934c04d3cfef185a8008e7bf34331b79730a9d43\javax.annotation-api-1.3.2.jar;C:\Users\mhkim\.gradle\caches\modules-2\files-2.1\org.yaml\snakeyaml\1.19\2d998d3d674b172a588e54ab619854d073f555b5\snakeyaml-1.19.jar;C:\Users\mhkim\.gradle\caches\modules-2\files-2.1\com.fasterxml.jackson.datatype\jackson-datatype-jdk8\2.9.6\456895fc91bf7180b216fead220373e6278230c9\jackson-datatype-jdk8-2.9.6.jar;C:\Users\mhkim\.gradle\caches\modules-2\files-2.1\com.fasterxml.jackson.datatype\jackson-datatype-jsr310\2.9.6\ea54f6193d224e5e5732bbd4262327eb465397c2\jackson-datatype-jsr310-2.9.6.jar;C:\Users\mhkim\.gradle\caches\modules-2\files-2.1\com.fasterxml.jackson.module\jackson-module-parameter-names\2.9.6\129acd77a4b6ee30d62d3a0899b1344c8ec2bff8\jackson-module-parameter-names-2.9.6.jar;C:\Users\mhkim\.gradle\caches\modules-2\files-2.1\com.fasterxml.jackson.core\jackson-databind\2.9.6\cfa4f316351a91bfd95cb0644c6a2c95f52db1fc\jackson-databind-2.9.6.jar;C:\Users\mhkim\.gradle\caches\modules-2\files-2.1\org.apache.tomcat.embed\tomcat-embed-websocket\8.5.34\5f86906367c2540b21e6aeecc277d2ce9ec939b0\tomcat-embed-websocket-8.5.34.jar;C:\Users\mhkim\.gradle\caches\modules-2\files-2.1\org.apache.tomcat.embed\tomcat-embed-core\8.5.34\a038040d68a90397f95dd1e11b979fe364a5000f\tomcat-embed-core-8.5.34.jar;C:\Users\mhkim\.gradle\caches\modules-2\files-2.1\org.apache.tomcat.embed\tomcat-embed-el\8.5.34\be71a9a5bdd001db7cf97c47429eec0bdd3b7b88\tomcat-embed-el-8.5.34.jar;C:\Users\mhkim\.gradle\caches\modules-2\files-2.1\javax.validation\validation-api\2.0.1.Final\cb855558e6271b1b32e716d24cb85c7f583ce09e\validation-api-2.0.1.Final.jar;C:\Users\mhkim\.gradle\caches\modules-2\files-2.1\org.jboss.logging\jboss-logging\3.3.2.Final\3789d00e859632e6c6206adc0c71625559e6e3b0\jboss-logging-3.3.2.Final.jar;C:\Users\mhkim\.gradle\caches\modules-2\files-2.1\com.fasterxml\classmate\1.3.4\3d5f48f10bbe4eb7bd862f10c0583be2e0053c6\classmate-1.3.4.jar;C:\Users\mhkim\.gradle\caches\modules-2\files-2.1\net.minidev\json-smart\2.3\7396407491352ce4fa30de92efb158adb76b5b\json-smart-2.3.jar;C:\Users\mhkim\.gradle\caches\modules-2\files-2.1\ch.qos.logback\logback-classic\1.2.3\7c4f3c474fb2c041d8028740440937705ebb473a\logback-classic-1.2.3.jar;C:\Users\mhkim\.gradle\caches\modules-2\files-2.1\org.apache.logging.log4j\log4j-to-slf4j\2.10.0\f7e631ccf49cfc0aefa4a2a728da7d374c05bd3c\log4j-to-slf4j-2.10.0.jar;C:\Users\mhkim\.gradle\caches\modules-2\files-2.1\org.slf4j\jul-to-slf4j\1.7.25\af5364cd6679bfffb114f0dec8a157aaa283b76\jul-to-slf4j-1.7.25.jar;C:\Users\mhkim\.gradle\caches\modules-2\files-2.1\org.slf4j\slf4j-api\1.7.25\da76ca59f6a57ee3102f8f9bd9cee742973efa8a\slf4j-api-1.7.25.jar;C:\Users\mhkim\.gradle\caches\modules-2\files-2.1\net.bytebuddy\byte-buddy\1.7.11\f02857a4e2c66ccbe7aaad6100a0a6c461bce9b3\byte-buddy-1.7.11.jar;C:\Users\mhkim\.gradle\caches\modules-2\files-2.1\net.bytebuddy\byte-buddy-agent\1.7.11\b425a8933ca07edd03c6dbc8bc3b595fba9780de\byte-buddy-agent-1.7.11.jar;C:\Users\mhkim\.gradle\caches\modules-2\files-2.1\org.objenesis\objenesis\2.6\639033469776fd37c08358c6b92a4761feb2af4b\objenesis-2.6.jar;C:\Users\mhkim\.gradle\caches\modules-2\files-2.1\com.vaadin.external.google\android-json\0.0.20131108.vaadin1\fa26d351fe62a6a17f5cda1287c1c6110dec413f\android-json-0.0.20131108.vaadin1.jar;C:\Users\mhkim\.gradle\caches\modules-2\files-2.1\org.springframework\spring-jcl\5.0.9.RELEASE\bc3b5aaae53f0bc03647e53ecbd98a05b47a4e90\spring-jcl-5.0.9.RELEASE.jar;C:\Users\mhkim\.gradle\caches\modules-2\files-2.1\com.fasterxml.jackson.core\jackson-annotations\2.9.0\7c10d545325e3a6e72e06381afe469fd40eb701\jackson-annotations-2.9.0.jar;C:\Users\mhkim\.gradle\caches\modules-2\files-2.1\com.fasterxml.jackson.core\jackson-core\2.9.6\4e393793c37c77e042ccc7be5a914ae39251b365\jackson-core-2.9.6.jar;C:\Users\mhkim\.gradle\caches\modules-2\files-2.1\net.minidev\accessors-smart\1.2\c592b500269bfde36096641b01238a8350f8aa31\accessors-smart-1.2.jar;C:\Users\mhkim\.gradle\caches\modules-2\files-2.1\ch.qos.logback\logback-core\1.2.3\864344400c3d4d92dfeb0a305dc87d953677c03c\logback-core-1.2.3.jar;C:\Users\mhkim\.gradle\caches\modules-2\files-2.1\org.apache.logging.log4j\log4j-api\2.10.0\fec5797a55b786184a537abd39c3fa1449d752d6\log4j-api-2.10.0.jar;C:\Users\mhkim\.gradle\caches\modules-2\files-2.1\org.ow2.asm\asm\5.0.4\da08b8cce7bbf903602a25a3a163ae252435795\asm-5.0.4.jar, user.name=mhkim, java.vm.specification.version=1.8, sun.java.command=worker.org.gradle.process.internal.worker.GradleWorkerMain 'Gradle Test Executor 7', java.home=C:\Program Files\Java\jdk1.8.0_251\jre, sun.arch.data.model=64, user.language=ko, java.specification.vendor=Oracle Corporation, awt.toolkit=sun.awt.windows.WToolkit, java.vm.info=mixed mode, java.version=1.8.0_251, java.ext.dirs=C:\Program Files\Java\jdk1.8.0_251\jre\lib\ext;C:\Windows\Sun\Java\lib\ext, sun.boot.class.path=C:\Program Files\Java\jdk1.8.0_251\jre\lib\resources.jar;C:\Program Files\Java\jdk1.8.0_251\jre\lib\rt.jar;C:\Program Files\Java\jdk1.8.0_251\jre\lib\sunrsasign.jar;C:\Program Files\Java\jdk1.8.0_251\jre\lib\jsse.jar;C:\Program Files\Java\jdk1.8.0_251\jre\lib\jce.jar;C:\Program Files\Java\jdk1.8.0_251\jre\lib\charsets.jar;C:\Program Files\Java\jdk1.8.0_251\jre\lib\jfr.jar;C:\Program Files\Java\jdk1.8.0_251\jre\classes, java.vendor=Oracle Corporation, org.gradle.test.worker=7, file.separator=\, java.vendor.url.bug=http://bugreport.sun.com/bugreport/, sun.io.unicode.encoding=UnicodeLittle, sun.cpu.endian=little, sun.desktop=windows, sun.cpu.isalist=amd64}}, SystemEnvironmentPropertySource@1044667492 {name='systemEnvironment', properties={USERDOMAIN_ROAMINGPROFILE=DESKTOP-NFV5ODN, OneDriveCommercial=C:\Users\mhkim\OneDrive - hs.ac.kr, LOCALAPPDATA=C:\Users\mhkim\AppData\Local, PROCESSOR_LEVEL=23, USERDOMAIN=DESKTOP-NFV5ODN, LOGONSERVER=\\DESKTOP-NFV5ODN, SESSIONNAME=Console, ALLUSERSPROFILE=C:\ProgramData, PROCESSOR_ARCHITECTURE=AMD64, PSModulePath=%ProgramFiles%\WindowsPowerShell\Modules;C:\Windows\system32\WindowsPowerShell\v1.0\Modules, SystemDrive=C:, OneDrive=C:\Users\mhkim\OneDrive - hs.ac.kr, APPDATA=C:\Users\mhkim\AppData\Roaming, USERNAME=mhkim, ProgramFiles(x86)=C:\Program Files (x86), TOOLBOX_VERSION=1.17.6856, CommonProgramFiles=C:\Program Files\Common Files, Path=C:\Program Files (x86)\Common Files\Oracle\Java\javapath;C:\Program Files (x86)\NetSarang\Xshell 6\;C:\Windows\system32;C:\Windows;C:\Windows\System32\Wbem;C:\Windows\System32\WindowsPowerShell\v1.0\;C:\Windows\System32\OpenSSH\;C:\Program Files (x86)\NVIDIA Corporation\PhysX\Common;C:\Program Files\NVIDIA Corporation\NVIDIA NvDLISR;C:\Program Files\Git\cmd;C:\Users\mhkim\AppData\Local\Microsoft\WindowsApps;C:\Program Files\Bandizip\, PATHEXT=.COM;.EXE;.BAT;.CMD;.VBS;.VBE;.JS;.JSE;.WSF;.WSH;.MSC, DriverData=C:\Windows\System32\Drivers\DriverData, OS=Windows_NT, COMPUTERNAME=DESKTOP-NFV5ODN, AMDRMPATH=C:\Program Files\AMD\RyzenMaster\, PROCESSOR_REVISION=7100, CommonProgramW6432=C:\Program Files\Common Files, ComSpec=C:\Windows\system32\cmd.exe, ProgramData=C:\ProgramData, ProgramW6432=C:\Program Files, HOMEPATH=\Users\mhkim, SystemRoot=C:\Windows, TEMP=C:\Users\mhkim\AppData\Local\Temp, HOMEDRIVE=C:, PROCESSOR_IDENTIFIER=AMD64 Family 23 Model 113 Stepping 0, AuthenticAMD, USERPROFILE=C:\Users\mhkim, TMP=C:\Users\mhkim\AppData\Local\Temp, CommonProgramFiles(x86)=C:\Program Files (x86)\Common Files, ProgramFiles=C:\Program Files, PUBLIC=C:\Users\Public, NUMBER_OF_PROCESSORS=16, windir=C:\Windows, IDEA_INITIAL_DIRECTORY=C:\Users\mhkim\AppData\Local\JetBrains\Toolbox\apps\IDEA-U\ch-0\201.7223.91\bin}}]
09:29:37.074 [Test worker] DEBUG org.springframework.test.context.support.TestPropertySourceUtils - Adding inlined properties to environment: {spring.jmx.enabled=false, org.springframework.boot.test.autoconfigure.web.servlet.WebMvcTestContextBootstrapper=true, server.port=-1}
09:29:37.074 [Test worker] DEBUG org.springframework.core.env.StandardEnvironment - Adding PropertySource 'Inlined Test Properties' with highest search precedence

  .   ____          _            __ _ _
 /\\ / ___'_ __ _ _(_)_ __  __ _ \ \ \ \
( ( )\___ | '_ | '_| | '_ \/ _` | \ \ \ \
 \\/  ___)| |_)| | | | | || (_| |  ) ) ) )
  '  |____| .__|_| |_|_| |_\__, | / / / /
 =========|_|==============|___/=/_/_/_/
 :: Spring Boot ::        (v2.0.5.RELEASE)

2020-05-20 09:29:37.224  INFO 3020 --- [    Test worker] c.j.b.s.web.HelloControllerTest          : Starting HelloControllerTest on DESKTOP-NFV5ODN with PID 3020 (started by mhkim in C:\project\freelec-springboot2-webservice)
2020-05-20 09:29:37.225  INFO 3020 --- [    Test worker] c.j.b.s.web.HelloControllerTest          : No active profile set, falling back to default profiles: default
2020-05-20 09:29:37.239  INFO 3020 --- [    Test worker] o.s.w.c.s.GenericWebApplicationContext   : Refreshing org.springframework.web.context.support.GenericWebApplicationContext@68216363: startup date [Wed May 20 09:29:37 KST 2020]; root of context hierarchy
2020-05-20 09:29:37.717  INFO 3020 --- [    Test worker] o.s.w.s.handler.SimpleUrlHandlerMapping  : Mapped URL path [/**/favicon.ico] onto handler of type [class org.springframework.web.servlet.resource.ResourceHttpRequestHandler]
2020-05-20 09:29:37.823  INFO 3020 --- [    Test worker] s.w.s.m.m.a.RequestMappingHandlerAdapter : Looking for @ControllerAdvice: org.springframework.web.context.support.GenericWebApplicationContext@68216363: startup date [Wed May 20 09:29:37 KST 2020]; root of context hierarchy
2020-05-20 09:29:37.863  INFO 3020 --- [    Test worker] s.w.s.m.m.a.RequestMappingHandlerMapping : Mapped "{[/Hello],methods=[GET]}" onto public java.lang.String com.jojoIdu.book.springboot.web.HelloController.hello()
2020-05-20 09:29:37.865  INFO 3020 --- [    Test worker] s.w.s.m.m.a.RequestMappingHandlerMapping : Mapped "{[/error]}" onto public org.springframework.http.ResponseEntity<java.util.Map<java.lang.String, java.lang.Object>> org.springframework.boot.autoconfigure.web.servlet.error.BasicErrorController.error(javax.servlet.http.HttpServletRequest)
2020-05-20 09:29:37.865  INFO 3020 --- [    Test worker] s.w.s.m.m.a.RequestMappingHandlerMapping : Mapped "{[/error],produces=[text/html]}" onto public org.springframework.web.servlet.ModelAndView org.springframework.boot.autoconfigure.web.servlet.error.BasicErrorController.errorHtml(javax.servlet.http.HttpServletRequest,javax.servlet.http.HttpServletResponse)
2020-05-20 09:29:37.881  INFO 3020 --- [    Test worker] o.s.w.s.handler.SimpleUrlHandlerMapping  : Mapped URL path [/webjars/**] onto handler of type [class org.springframework.web.servlet.resource.ResourceHttpRequestHandler]
2020-05-20 09:29:37.882  INFO 3020 --- [    Test worker] o.s.w.s.handler.SimpleUrlHandlerMapping  : Mapped URL path [/**] onto handler of type [class org.springframework.web.servlet.resource.ResourceHttpRequestHandler]
2020-05-20 09:29:37.944  INFO 3020 --- [    Test worker] o.s.b.t.m.w.SpringBootMockServletContext : Initializing Spring FrameworkServlet ''
2020-05-20 09:29:37.944  INFO 3020 --- [    Test worker] o.s.t.web.servlet.TestDispatcherServlet  : FrameworkServlet '': initialization started
2020-05-20 09:29:37.952  INFO 3020 --- [    Test worker] o.s.t.web.servlet.TestDispatcherServlet  : FrameworkServlet '': initialization completed in 8 ms
2020-05-20 09:29:37.978  INFO 3020 --- [    Test worker] c.j.b.s.web.HelloControllerTest          : Started HelloControllerTest in 0.897 seconds (JVM running for 1.559)
]]></system-out>
  <system-err><![CDATA[]]></system-err>
</testsuite>
